TN:
SF:script/Deploy.s.sol
FN:65,DeployOptimism.run
FNDA:0,DeployOptimism.run
DA:66,0
DA:67,0
DA:69,0
DA:73,0
FN:18,Setup.deploySystem
FNDA:0,Setup.deploySystem
DA:24,21
FN:33,DeployBase.run
FNDA:0,DeployBase.run
DA:34,0
DA:35,0
DA:37,0
DA:41,0
FN:82,DeployOptimismGoerli.run
FNDA:0,DeployOptimismGoerli.run
DA:83,0
DA:84,0
DA:86,0
DA:90,0
FN:49,DeployBaseGoerli.run
FNDA:0,DeployBaseGoerli.run
DA:50,0
DA:51,0
DA:53,0
DA:57,0
FNF:5
FNH:0
LF:17
LH:1
BRF:0
BRH:0
end_of_record
TN:
SF:src/Zap.sol
FN:93,Zap._preZap
FNDA:0,Zap._preZap
FN:99,Zap._postZap
FNDA:0,Zap._postZap
FN:117,Zap.zap
FNDA:0,Zap.zap
DA:118,0
DA:120,0
BRDA:120,0,0,-
BRDA:120,0,1,-
DA:121,0
DA:123,0
DA:126,0
FN:129,Zap._zapIn
FNDA:0,Zap._zapIn
DA:131,0
BRDA:131,1,0,-
BRDA:131,1,1,-
DA:132,0
DA:138,0
BRDA:138,2,0,-
BRDA:138,2,1,-
DA:139,0
DA:154,0
DA:159,0
DA:166,0
BRDA:166,3,0,-
BRDA:166,3,1,-
DA:167,0
DA:178,0
DA:185,0
FN:188,Zap._zapOut
FNDA:0,Zap._zapOut
DA:190,0
BRDA:190,4,0,-
BRDA:190,4,1,-
DA:191,0
DA:202,0
DA:210,0
BRDA:210,5,0,-
BRDA:210,5,1,-
DA:211,0
DA:228,0
BRDA:228,6,0,-
BRDA:228,6,1,-
DA:229,0
DA:238,0
DA:243,0
DA:249,0
FNF:5
FNH:0
LF:25
LH:0
BRF:14
BRH:0
end_of_record
TN:
SF:test/Zap.t.sol
FN:48,ZapTest.setUp
FNDA:0,ZapTest.setUp
DA:49,0
DA:50,0
DA:52,0
DA:53,0
DA:54,0
DA:55,0
DA:59,0
DA:60,0
DA:61,0
DA:63,0
DA:64,0
DA:66,0
DA:68,0
DA:69,0
DA:71,0
DA:73,0
FNF:1
FNH:0
LF:16
LH:0
BRF:0
BRH:0
end_of_record
TN:
SF:test/utils/Bootstrap.sol
FN:68,BootstrapBaseGoerli.init
FNDA:0,BootstrapBaseGoerli.init
DA:69,0
FN:49,BootstrapLocal.init
FNDA:0,BootstrapLocal.init
DA:50,0
FN:60,BootstrapBase.init
FNDA:21,BootstrapBase.init
DA:61,21
FN:26,Bootstrap.initializeLocal
FNDA:0,Bootstrap.initializeLocal
DA:27,0
DA:28,0
DA:30,0
FN:33,Bootstrap.initializeBase
FNDA:0,Bootstrap.initializeBase
DA:34,0
DA:35,0
DA:37,0
FN:40,Bootstrap.initializeBaseGoerli
FNDA:0,Bootstrap.initializeBaseGoerli
DA:41,0
DA:42,0
DA:44,0
FNF:6
FNH:1
LF:12
LH:1
BRF:0
BRH:0
end_of_record
TN:
SF:test/utils/exposed/ZapExposed.sol
FN:12,ZapExposed.expose_HASHED_SUSDC_NAME
FNDA:0,ZapExposed.expose_HASHED_SUSDC_NAME
DA:13,0
FN:16,ZapExposed.expose_USDC
FNDA:0,ZapExposed.expose_USDC
DA:17,0
FN:20,ZapExposed.expose_SUSD
FNDA:0,ZapExposed.expose_SUSD
DA:21,0
FN:24,ZapExposed.expose_SUSDC
FNDA:0,ZapExposed.expose_SUSDC
DA:25,0
FN:28,ZapExposed.expose_SUSDC_SPOT_MARKET_ID
FNDA:0,ZapExposed.expose_SUSDC_SPOT_MARKET_ID
DA:29,0
FN:32,ZapExposed.expose_SPOT_MARKET_PROXY
FNDA:0,ZapExposed.expose_SPOT_MARKET_PROXY
DA:33,0
FN:36,ZapExposed.expose_DECIMALS_FACTOR
FNDA:0,ZapExposed.expose_DECIMALS_FACTOR
DA:37,0
FN:47,ZapExposed._preZap
FNDA:0,ZapExposed._preZap
DA:48,0
FN:51,ZapExposed._postZap
FNDA:0,ZapExposed._postZap
DA:52,0
FNF:9
FNH:0
LF:9
LH:0
BRF:0
BRH:0
end_of_record
TN:
SF:test/utils/mocks/MockSUSD.sol
FN:9,MockSUSD.decimals
FNDA:1,MockSUSD.decimals
DA:10,1
FN:13,MockSUSD.balanceOf
FNDA:0,MockSUSD.balanceOf
DA:14,0
FN:17,MockSUSD.transfer
FNDA:0,MockSUSD.transfer
DA:18,0
FN:21,MockSUSD.approve
FNDA:0,MockSUSD.approve
DA:22,0
FN:25,MockSUSD.transferFrom
FNDA:0,MockSUSD.transferFrom
DA:31,0
FNF:5
FNH:1
LF:5
LH:1
BRF:0
BRH:0
end_of_record
TN:
SF:test/utils/mocks/MockSpotMarketProxy.sol
FN:9,MockSpotMarketProxy.name
FNDA:1,MockSpotMarketProxy.name
DA:15,1
FN:18,MockSpotMarketProxy.getSynth
FNDA:0,MockSpotMarketProxy.getSynth
DA:24,0
FN:27,MockSpotMarketProxy.wrap
FNDA:0,MockSpotMarketProxy.wrap
DA:32,0
FN:35,MockSpotMarketProxy.unwrap
FNDA:0,MockSpotMarketProxy.unwrap
DA:45,0
FN:48,MockSpotMarketProxy.buy
FNDA:0,MockSpotMarketProxy.buy
DA:54,0
FN:57,MockSpotMarketProxy.sell
FNDA:0,MockSpotMarketProxy.sell
DA:68,0
FNF:6
FNH:1
LF:6
LH:1
BRF:0
BRH:0
end_of_record
TN:
SF:test/utils/mocks/MockUSDC.sol
FN:9,MockUSDC.decimals
FNDA:0,MockUSDC.decimals
DA:10,0
FN:13,MockUSDC.balanceOf
FNDA:0,MockUSDC.balanceOf
DA:14,0
FN:17,MockUSDC.transfer
FNDA:0,MockUSDC.transfer
DA:18,0
FN:21,MockUSDC.approve
FNDA:0,MockUSDC.approve
DA:22,0
FN:25,MockUSDC.transferFrom
FNDA:0,MockUSDC.transferFrom
DA:31,0
FNF:5
FNH:0
LF:5
LH:0
BRF:0
BRH:0
end_of_record
